2.0 0.0
3.2 0.8
3.92 1.92
4.352 3.104
4.6112 4.224
4.76672 5.22368
4.860032 6.085632
4.9160192 6.8125184
4.94961152 7.4164224
4.969766912 7.912982528
4.9818601472 8.3182927872
4.98911608832 8.64737828864
4.993469652992 8.91354906624
4.9960817917952 9.1282271141888
4.9976490750771 9.3010144080691
4.9985894450463 9.4398711564861
4.9991536670278 9.5513327032074
4.9994922002167 9.640727629377
4.99969532013 9.7123789835883
4.999817192078 9.7697813149226
4.9998903152468 9.8157519287693
4.9999341891481 9.8525576691142
4.9999605134888 9.8820198109506
4.9999763080933 9.905600054156
4.999985784856 9.9244705665621
4.9999914709136 9.9395707671921
4.9999948825482 9.9516532021191
4.9999969295289 9.9613205147145
4.9999981577173 9.9690551835832
4.9999988946304 9.9752434099535
4.9999993367782 9.980194285815
4.9999996020669 9.9841551633633
4.9999997612402 9.9873239715174
4.9999998567441 9.98985908171
4.9999999140465 9.9918872080656
4.9999999484279 9.9935097320711
4.9999999690567 9.994807765028
4.999999981434 9.9958461996451
4.9999999888604 9.9966769522897
4.9999999933163 9.9973415573759
4.9999999959898 9.9978732432272
4.9999999975939 9.9982985929777
4.9999999985563 9.9986388734197
4.9999999991338 9.9989110981583
4.9999999994803 9.9991288781801
4.9999999996882 9.9993031023362
4.9999999998129 9.9994424817442
4.9999999998877 9.9995539853206
4.9999999999326 9.9996431882115
4.9999999999596 9.9997145505423
4.9999999999758 9.9997716404177
4.9999999999855 9.9998173123244
4.9999999999913 9.9998538498537
4.9999999999948 9.9998830798795
4.9999999999969 9.9999064639015
4.9999999999981 9.9999251711199
4.9999999999989 9.9999401368952
4.9999999999993 9.9999521095157
4.9999999999996 9.9999616876123
4.9999999999998 9.9999693500897
4.9999999999999 9.9999754800716
4.9999999999999 9.9999803840573
4.9999999999999 9.9999843072458
5.0 9.9999874457966
5.0 9.9999899566373
5.0 9.9999919653098
5.0 9.9999935722478
5.0 9.9999948577983
5.0 9.9999958862386
5.0 9.9999967089909
5.0 9.9999973671927
5.0 9.9999978937542
5.0 9.9999983150033
5.0 9.9999986520027
5.0 9.9999989216021
5.0 9.9999991372817
5.0 9.9999993098254
5.0 9.9999994478603
5.0 9.9999995582882
5.0 9.9999996466306
5.0 9.9999997173045
5.0 9.9999997738436
5.0 9.9999998190749
5.0 9.9999998552599
5.0 9.9999998842079
5.0 9.9999999073663
5.0 9.9999999258931
5.0 9.9999999407144
5.0 9.9999999525716
5.0 9.9999999620572
5.0 9.9999999696458
5.0 9.9999999757166
5.0 9.9999999805733
5.0 9.9999999844586
5.0 9.9999999875669
5.0 9.9999999900535
5.0 9.9999999920428
5.0 9.9999999936343
5.0 9.9999999949074
5.0 9.9999999959259
