2.0
3.2
3.92
4.352
4.6112
4.76672
4.860032
4.9160192
4.94961152
4.969766912
4.9818601472
4.98911608832
4.993469652992
4.9960817917952
4.9976490750771
4.9985894450463
4.9991536670278
4.9994922002167
4.99969532013
4.999817192078
4.9998903152468
4.9999341891481
4.9999605134888
4.9999763080933
4.999985784856
4.9999914709136
4.9999948825482
4.9999969295289
4.9999981577173
4.9999988946304
4.9999993367782
4.9999996020669
4.9999997612402
4.9999998567441
4.9999999140465
4.9999999484279
4.9999999690567
4.999999981434
4.9999999888604
4.9999999933163
4.9999999959898
4.9999999975939
4.9999999985563
4.9999999991338
4.9999999994803
4.9999999996882
4.9999999998129
4.9999999998877
4.9999999999326
4.9999999999596
4.9999999999758
4.9999999999855
4.9999999999913
4.9999999999948
4.9999999999969
4.9999999999981
4.9999999999989
4.9999999999993
4.9999999999996
4.9999999999998
4.9999999999999
4.9999999999999
4.9999999999999
5.0
5.0
5.0
5.0
5.0
5.0
5.0
5.0
5.0
5.0
5.0
5.0
5.0
5.0
5.0
5.0
5.0
5.0
5.0
5.0
5.0
5.0
5.0
5.0
5.0
5.0
5.0
5.0
5.0
5.0
5.0
5.0
5.0
5.0
5.0
5.0
5.0
