Building documentation for package 'sysdyn'
Loading package 'sysdyn'
Package has no data
Package has no fonts
Parsing lua files
Parsing lua/ChaoticGrowth.lua
Parsing lua/Coffee.lua
Parsing lua/Daisyworld.lua
Parsing lua/Homeostasis.lua
Parsing lua/LimitedGrowth.lua
Parsing lua/Lorenz.lua
Parsing lua/MonoLake.lua
Parsing lua/PopulationGrowth.lua
Parsing lua/PredatorPrey.lua
Parsing lua/RandomWalk.lua
Parsing lua/RoomTemperature.lua
Parsing lua/SIR.lua
Parsing lua/Tub.lua
Parsing lua/Yeast.lua
Parsing examples
Parsing examples/coffee-scenarios.lua
Parsing examples/infection-scenarios-1.lua
Parsing examples/infection-scenarios-2.lua
Parsing examples/infection-scenarios-3.lua
Parsing examples/population-scenarios-1.lua
Parsing examples/population-scenarios-2.lua
Parsing examples/tub-scenarios.lua
Checking undocumented files
Checking @usage definition
Checking lua/ChaoticGrowth.lua
Checking lua/Coffee.lua
Checking lua/Daisyworld.lua
Checking lua/Homeostasis.lua
Checking lua/LimitedGrowth.lua
Checking lua/Lorenz.lua
Checking lua/MonoLake.lua
Checking lua/PopulationGrowth.lua
Checking lua/PredatorPrey.lua
Checking lua/RandomWalk.lua
Checking lua/RoomTemperature.lua
Checking lua/SIR.lua
Checking lua/Tub.lua
Checking lua/Yeast.lua
Testing @usage
Testing file lua/ChaoticGrowth.lua
Testing file lua/Coffee.lua
Testing file lua/Daisyworld.lua
Testing file lua/Homeostasis.lua
Testing file lua/LimitedGrowth.lua
Testing file lua/Lorenz.lua
Testing file lua/MonoLake.lua
Testing file lua/PopulationGrowth.lua
Testing file lua/PredatorPrey.lua
Testing file lua/RandomWalk.lua
Testing file lua/RoomTemperature.lua
Testing file lua/SIR.lua
Testing file lua/Tub.lua
Testing file lua/Yeast.lua
Checking calls to functions in @usage
Checking lua/ChaoticGrowth.lua
Checking lua/Coffee.lua
Checking lua/Daisyworld.lua
Checking lua/Homeostasis.lua
Checking lua/LimitedGrowth.lua
Checking lua/Lorenz.lua
Checking lua/MonoLake.lua
Checking lua/PopulationGrowth.lua
Checking lua/PredatorPrey.lua
Checking lua/RandomWalk.lua
Checking lua/RoomTemperature.lua
Checking lua/SIR.lua
Checking lua/Tub.lua
Checking lua/Yeast.lua
Checking undocumented arguments
Checking lua/ChaoticGrowth.lua
Checking lua/Coffee.lua
Checking lua/Daisyworld.lua
Checking lua/Homeostasis.lua
Checking lua/LimitedGrowth.lua
Checking lua/Lorenz.lua
Checking lua/MonoLake.lua
Checking lua/PopulationGrowth.lua
Checking lua/PredatorPrey.lua
Checking lua/RandomWalk.lua
Checking lua/RoomTemperature.lua
Checking lua/SIR.lua
Checking lua/Tub.lua
Checking lua/Yeast.lua
Checking 'description.lua'
Building and checking HTML files
Building doc/index.html
Building doc/files/examples.html
Building doc/files/models.html
Checking images
Checking data.lua
Checking models
Checking examples
Checking if all images are used
Checking if all Models are documented

Documentation report for package 'sysdyn':
Documentation was built in 0.34 seconds.
3 HTML files were created.
All files are documented.
All fields of 'description.lua' are correct.
No problems were found in the documentation of data.
All descriptions end with a correct character.
All 14 Models are correctly documented.
All source code lines starting with --- are valid.
All 0 global functions of the package are documented.
All functions of each file are declared only once.
There is no duplicated tag in the documentation.
All tags with compulsory arguments were correctly used.
All 0 non-named arguments are documented.
No undefined arguments were found.
All available arguments of functions are used in their HTML tables.
All arguments used in the HTML tables are documented.
All non-deprecated functions have @usage.
All 0 functions call themselves in their @usage.
All 0 functions do not have any error in their @usage.
All @tabular are correctly described.
No invalid tags were found in the documentation.
All images are correctly used.
All 0 links were correctly built.
All 7 examples are correctly documented.
Summing up, all the documentation was successfully built.
